<?xml version="1.0" encoding="utf-8"?><testsuites name="pytest tests"><testsuite name="pytest" errors="0" failures="0" skipped="0" tests="45" time="0.310" timestamp="2026-04-23T17:31:40.227271-03:00" hostname="Lucas-PC"><testcase classname="tests.integration.test_cli" name="test_cli_run_on_sample_release" time="0.041" /><testcase classname="tests.integration.test_cli" name="test_cli_run_blocks_not_ready" time="0.011" /><testcase classname="tests.integration.test_cli" name="test_cli_controls_command" time="0.008" /><testcase classname="tests.integration.test_end_to_end" name="test_sample_release_produces_ready_bundle" time="0.019" /><testcase classname="tests.integration.test_end_to_end" name="test_missing_critical_evidence_blocks_release" time="0.004" /><testcase classname="tests.integration.test_end_to_end" name="test_unknown_artifact_is_reported_as_warning" time="0.008" /><testcase classname="tests.unit.test_controls_engine" name="test_default_catalog_loads_and_is_non_empty" time="0.001" /><testcase classname="tests.unit.test_controls_engine" name="test_control_met_when_all_required_present" time="0.000" /><testcase classname="tests.unit.test_controls_engine" name="test_control_missing_when_required_absent" time="0.000" /><testcase classname="tests.unit.test_controls_engine" name="test_control_partial_when_recommended_missing" time="0.000" /><testcase classname="tests.unit.test_controls_engine" name="test_manual_evidence_downgrades_confidence" time="0.000" /><testcase classname="tests.unit.test_controls_engine" name="test_full_catalog_evaluation_against_complete_evidence" time="0.000" /><testcase classname="tests.unit.test_domain_models" name="test_commit_sha_normalization" time="0.000" /><testcase classname="tests.unit.test_domain_models" name="test_commit_sha_rejects_non_hex" time="0.000" /><testcase classname="tests.unit.test_domain_models" name="test_manual_flag_downgrades_high_confidence" time="0.000" /><testcase classname="tests.unit.test_domain_models" name="test_raw_evidence_ref_requires_locator" time="0.000" /><testcase classname="tests.unit.test_domain_models" name="test_bundle_round_trip" time="0.000" /><testcase classname="tests.unit.test_domain_models" name="test_bundle_rejects_dangling_evidence_refs" time="0.000" /><testcase classname="tests.unit.test_domain_models" name="test_summary_counters_must_be_consistent" time="0.000" /><testcase classname="tests.unit.test_domain_models" name="test_control_definition_requires_some_evidence_type" time="0.000" /><testcase classname="tests.unit.test_exporters" name="test_export_json_is_deterministic" time="0.008" /><testcase classname="tests.unit.test_exporters" name="test_export_markdown" time="0.008" /><testcase classname="tests.unit.test_exporters" name="test_export_html" time="0.011" /><testcase classname="tests.unit.test_github_collector" name="test_collect_pull_request" time="0.001" /><testcase classname="tests.unit.test_github_collector" name="test_collect_workflow_run" time="0.001" /><testcase classname="tests.unit.test_normalizers" name="test_normalize_sarif_classifies_sast" time="0.001" /><testcase classname="tests.unit.test_normalizers" name="test_normalize_sarif_classifies_sca" time="0.001" /><testcase classname="tests.unit.test_normalizers" name="test_normalize_sarif_classifies_secrets" time="0.001" /><testcase classname="tests.unit.test_normalizers" name="test_normalize_sbom" time="0.001" /><testcase classname="tests.unit.test_normalizers" name="test_normalize_junit" time="0.001" /><testcase classname="tests.unit.test_normalizers" name="test_normalize_attestation" time="0.001" /><testcase classname="tests.unit.test_normalizers" name="test_normalize_pr_metadata_approved" time="0.000" /><testcase classname="tests.unit.test_normalizers" name="test_normalize_pr_metadata_not_enough_reviews" time="0.000" /><testcase classname="tests.unit.test_normalizers" name="test_normalize_workflow_run_success" time="0.000" /><testcase classname="tests.unit.test_parsers" name="test_parse_sarif_semgrep" time="0.001" /><testcase classname="tests.unit.test_parsers" name="test_parse_sarif_requires_runs" time="0.008" /><testcase classname="tests.unit.test_parsers" name="test_parse_sbom_cyclonedx" time="0.001" /><testcase classname="tests.unit.test_parsers" name="test_parse_sbom_spdx" time="0.002" /><testcase classname="tests.unit.test_parsers" name="test_parse_junit" time="0.001" /><testcase classname="tests.unit.test_parsers" name="test_parse_attestation_yaml" time="0.001" /><testcase classname="tests.unit.test_parsers" name="test_parse_attestation_rejects_missing_fields" time="0.005" /><testcase classname="tests.unit.test_scoring" name="test_release_ready_with_full_evidence_set" time="0.000" /><testcase classname="tests.unit.test_scoring" name="test_release_not_ready_when_critical_missing" time="0.000" /><testcase classname="tests.unit.test_scoring" name="test_release_conditional_when_only_medium_gap" time="0.000" /><testcase classname="tests.unit.test_scoring" name="test_compute_release_status_with_no_gaps" time="0.000" /></testsuite></testsuites>